<?xml version="1.0" encoding="utf-8"?><testsuites name="pytest tests"><testsuite name="pytest" errors="0" failures="0" skipped="0" tests="11" time="58.154" timestamp="2026-02-24T02:06:33.180727+00:00" hostname="agent-env-d2562c13-1e33-478f-8469-637bd2e72578"><testcase classname="backend.tests.test_bulk_file_upload.TestSingleFileUpload" name="test_single_file_upload_requires_auth" time="0.222" /><testcase classname="backend.tests.test_bulk_file_upload.TestSingleFileUpload" name="test_single_file_upload_returns_results" time="8.388" /><testcase classname="backend.tests.test_bulk_file_upload.TestSingleFileUpload" name="test_single_file_no_cookies_returns_400" time="0.144" /><testcase classname="backend.tests.test_bulk_file_upload.TestBulkFileUpload" name="test_bulk_upload_requires_auth" time="0.177" /><testcase classname="backend.tests.test_bulk_file_upload.TestBulkFileUpload" name="test_bulk_upload_two_files_returns_combined_results" time="12.509" /><testcase classname="backend.tests.test_bulk_file_upload.TestBulkFileUpload" name="test_bulk_upload_three_files_returns_all_filenames" time="17.993" /><testcase classname="backend.tests.test_bulk_file_upload.TestBulkFileUpload" name="test_bulk_upload_empty_files_returns_400" time="0.166" /><testcase classname="backend.tests.test_bulk_file_upload.TestBulkFileUpload" name="test_bulk_upload_cookies_processed_correctly" time="11.826" /><testcase classname="backend.tests.test_bulk_file_upload.TestAuthEndpoint" name="test_login_with_admin_key" time="0.177" /><testcase classname="backend.tests.test_bulk_file_upload.TestAuthEndpoint" name="test_login_with_invalid_key" time="0.115" /><testcase classname="backend.tests.test_bulk_file_upload.TestPasteCookieEndpoint" name="test_paste_cookie_works" time="6.257" /></testsuite></testsuites>