<?xml version="1.0" encoding="utf-8"?><testsuites name="pytest tests"><testsuite name="pytest" errors="0" failures="0" skipped="0" tests="7" time="2.524" timestamp="2026-02-23T15:47:25.033466+00:00" hostname="agent-env-78e27345-9b2e-436f-b545-671b06c751a2"><testcase classname="tests.test_cookie_stripping.TestCookieStripping" name="test_admin_free_cookies_contains_sensitive_data" time="0.352" /><testcase classname="tests.test_cookie_stripping.TestCookieStripping" name="test_non_admin_free_cookies_strips_sensitive_data" time="0.660" /><testcase classname="tests.test_cookie_stripping.TestCookieStripping" name="test_non_admin_can_still_see_basic_info" time="0.138" /><testcase classname="tests.test_cookie_stripping.TestCookieStripping" name="test_admin_free_cookies_has_all_fields" time="0.339" /><testcase classname="tests.test_cookie_stripping.TestFreeCookiesAPIAuth" name="test_free_cookies_requires_auth" time="0.148" /><testcase classname="tests.test_cookie_stripping.TestFreeCookiesAPIAuth" name="test_admin_free_cookies_requires_auth" time="0.141" /><testcase classname="tests.test_cookie_stripping.TestFreeCookiesAPIAuth" name="test_admin_free_cookies_requires_admin" time="0.698" /></testsuite></testsuites>