<?xml version="1.0" encoding="utf-8"?><testsuites name="pytest tests"><testsuite name="pytest" errors="0" failures="0" skipped="0" tests="14" time="3.401" timestamp="2026-02-23T12:54:50.162533+00:00" hostname="agent-env-78e27345-9b2e-436f-b545-671b06c751a2"><testcase classname="backend.tests.test_free_cookies.TestFreeCookiesAdminAPI" name="test_admin_add_free_cookie" time="0.276" /><testcase classname="backend.tests.test_free_cookies.TestFreeCookiesAdminAPI" name="test_admin_get_all_free_cookies" time="0.145" /><testcase classname="backend.tests.test_free_cookies.TestFreeCookiesAdminAPI" name="test_admin_delete_free_cookie" time="0.151" /><testcase classname="backend.tests.test_free_cookies.TestFreeCookiesAdminAPI" name="test_admin_delete_nonexistent_cookie" time="0.048" /><testcase classname="backend.tests.test_free_cookies.TestFreeCookiesAdminAPI" name="test_admin_set_display_limit" time="0.142" /><testcase classname="backend.tests.test_free_cookies.TestFreeCookiesUserAPI" name="test_authenticated_user_get_free_cookies" time="0.297" /><testcase classname="backend.tests.test_free_cookies.TestFreeCookiesUserAPI" name="test_user_cannot_access_admin_free_cookies_list" time="0.062" /><testcase classname="backend.tests.test_free_cookies.TestFreeCookiesUserAPI" name="test_user_cannot_add_free_cookie" time="0.061" /><testcase classname="backend.tests.test_free_cookies.TestFreeCookiesUserAPI" name="test_user_cannot_delete_free_cookie" time="0.061" /><testcase classname="backend.tests.test_free_cookies.TestFreeCookiesUserAPI" name="test_user_cannot_set_limit" time="0.060" /><testcase classname="backend.tests.test_free_cookies.TestDisplayLimitFunctionality" name="test_display_limit_applied_to_user_endpoint" time="0.484" /><testcase classname="backend.tests.test_free_cookies.TestMasterKeyDeviceLimit" name="test_master_key_unlimited_devices" time="0.914" /><testcase classname="backend.tests.test_free_cookies.TestUnauthenticatedAccess" name="test_unauthenticated_cannot_access_free_cookies" time="0.155" /><testcase classname="backend.tests.test_free_cookies.TestUnauthenticatedAccess" name="test_unauthenticated_cannot_access_admin_free_cookies" time="0.463" /></testsuite></testsuites>