<?xml version="1.0" encoding="utf-8"?><testsuites name="pytest tests"><testsuite name="pytest" errors="0" failures="0" skipped="0" tests="10" time="35.852" timestamp="2026-02-23T22:35:33.946095+00:00" hostname="agent-env-78e27345-9b2e-436f-b545-671b06c751a2"><testcase classname="backend.tests.test_iteration8_features.TestRefreshIntervalAndIsAlive" name="test_admin_refresh_endpoint_returns_counts" time="1.390" /><testcase classname="backend.tests.test_iteration8_features.TestRefreshIntervalAndIsAlive" name="test_free_cookies_have_is_alive_field_after_refresh" time="1.076" /><testcase classname="backend.tests.test_iteration8_features.TestRefreshIntervalAndIsAlive" name="test_free_cookies_have_last_refreshed_after_refresh" time="0.137" /><testcase classname="backend.tests.test_iteration8_features.TestTVCodeEndpoint" name="test_tv_code_requires_authentication" time="0.203" /><testcase classname="backend.tests.test_iteration8_features.TestTVCodeEndpoint" name="test_tv_code_returns_404_for_nonexistent_cookie" time="0.363" /><testcase classname="backend.tests.test_iteration8_features.TestTVCodeEndpoint" name="test_tv_code_returns_400_for_empty_code" time="0.282" /><testcase classname="backend.tests.test_iteration8_features.TestTVCodeEndpoint" name="test_tv_code_returns_400_for_whitespace_code" time="0.543" /><testcase classname="backend.tests.test_iteration8_features.TestTVCodeEndpoint" name="test_tv_code_endpoint_accepts_valid_request" time="16.068" /><testcase classname="backend.tests.test_iteration8_features.TestTVCodeEndpoint" name="test_tv_code_works_for_non_admin_user" time="15.627" /><testcase classname="backend.tests.test_iteration8_features.TestRefreshIntervalConstant" name="test_refresh_interval_in_code" time="0.000" /></testsuite></testsuites>