<?xml version="1.0" encoding="utf-8"?><testsuites name="pytest tests"><testsuite name="pytest" errors="0" failures="0" skipped="0" tests="10" time="3.044" timestamp="2026-02-23T13:59:18.717682+00:00" hostname="agent-env-78e27345-9b2e-436f-b545-671b06c751a2"><testcase classname="backend.tests.test_nftoken_refresh.TestNFTokenRefreshEndpoint" name="test_admin_can_refresh_tokens" time="0.670" /><testcase classname="backend.tests.test_nftoken_refresh.TestNFTokenRefreshEndpoint" name="test_non_admin_cannot_refresh_tokens" time="0.224" /><testcase classname="backend.tests.test_nftoken_refresh.TestNFTokenRefreshEndpoint" name="test_unauthenticated_cannot_refresh_tokens" time="0.208" /><testcase classname="backend.tests.test_nftoken_refresh.TestNFTokenRefreshEndpoint" name="test_refresh_returns_proper_count_structure" time="0.487" /><testcase classname="backend.tests.test_nftoken_refresh.TestExistingFreeCookiesEndpoints" name="test_get_free_cookies_still_works" time="0.092" /><testcase classname="backend.tests.test_nftoken_refresh.TestExistingFreeCookiesEndpoints" name="test_get_user_free_cookies_still_works" time="0.060" /><testcase classname="backend.tests.test_nftoken_refresh.TestExistingFreeCookiesEndpoints" name="test_add_free_cookie_still_works" time="0.119" /><testcase classname="backend.tests.test_nftoken_refresh.TestExistingFreeCookiesEndpoints" name="test_delete_free_cookie_still_works" time="0.118" /><testcase classname="backend.tests.test_nftoken_refresh.TestExistingFreeCookiesEndpoints" name="test_update_limit_still_works" time="0.059" /><testcase classname="backend.tests.test_nftoken_refresh.TestLastRefreshedTimestamp" name="test_refresh_sets_last_refreshed_timestamp" time="0.952" /></testsuite></testsuites>