<?xml version="1.0" encoding="utf-8"?><testsuites name="pytest tests"><testsuite name="pytest" errors="0" failures="0" skipped="0" tests="10" time="8.841" timestamp="2026-02-23T12:40:15.449281+00:00" hostname="agent-env-78e27345-9b2e-436f-b545-671b06c751a2"><testcase classname="backend.tests.test_admin_logs.TestAdminLogsAPI" name="test_admin_logs_get_returns_array" time="0.356" /><testcase classname="backend.tests.test_admin_logs.TestAdminLogsAPI" name="test_admin_logs_get_unauthenticated" time="0.209" /><testcase classname="backend.tests.test_admin_logs.TestAdminLogsAPI" name="test_admin_logs_get_non_admin_forbidden" time="0.434" /><testcase classname="backend.tests.test_admin_logs.TestAdminLogsAPI" name="test_admin_logs_delete_single_not_found" time="0.246" /><testcase classname="backend.tests.test_admin_logs.TestAdminLogsAPI" name="test_admin_logs_clear_all_success" time="0.300" /><testcase classname="backend.tests.test_admin_logs.TestCookieCheckLogging" name="test_check_cookies_expired_not_logged" time="6.677" /><testcase classname="backend.tests.test_admin_logs.TestNavbarLogsLink" name="test_admin_user_is_master" time="0.103" /><testcase classname="backend.tests.test_admin_logs.TestAuthEndpoints" name="test_login_with_admin_key" time="0.107" /><testcase classname="backend.tests.test_admin_logs.TestAuthEndpoints" name="test_login_with_invalid_key" time="0.106" /><testcase classname="backend.tests.test_admin_logs.TestAuthEndpoints" name="test_auth_me_endpoint" time="0.212" /></testsuite></testsuites>